<!DOCTYPE html>
<html>
<head>
<meta http-equiv="Content-Type" content="text/html; charset=utf-8"/>
<meta http-equiv="x-ua-compatible" content="IE=edge"/>
<title>Test results - Class Search by keyword</title>
<link href="../css/base-style.css" rel="stylesheet" type="text/css"/>
<link href="../css/style.css" rel="stylesheet" type="text/css"/>
<script src="../js/report.js" type="text/javascript"></script>
</head>
<body>
<div id="content">
<h1>Class Search by keyword</h1>
<div class="breadcrumbs">
<a href="../index.html">all</a> &gt; 
<a href="../packages/default-package.html">default-package</a> &gt; Search by keyword</div>
<div id="summary">
<table>
<tr>
<td>
<div class="summaryGroup">
<table>
<tr>
<td>
<div class="infoBox" id="tests">
<div class="counter">4</div>
<p>tests</p>
</div>
</td>
<td>
<div class="infoBox" id="failures">
<div class="counter">4</div>
<p>failures</p>
</div>
</td>
<td>
<div class="infoBox" id="ignored">
<div class="counter">0</div>
<p>ignored</p>
</div>
</td>
<td>
<div class="infoBox" id="duration">
<div class="counter">43.084s</div>
<p>duration</p>
</div>
</td>
</tr>
</table>
</div>
</td>
<td>
<div class="infoBox failures" id="successRate">
<div class="percent">0%</div>
<p>successful</p>
</div>
</td>
</tr>
</table>
</div>
<div id="tabs">
<ul class="tabLinks">
<li>
<a href="#tab0">Failed tests</a>
</li>
<li>
<a href="#tab1">Tests</a>
</li>
<li>
<a href="#tab2">Standard output</a>
</li>
<li>
<a href="#tab3">Standard error</a>
</li>
</ul>
<div id="tab0" class="tab">
<h2>Failed tests</h2>
<div class="test">
<a name="Searching for a term"></a>
<h3 class="failures">Searching for a term</h3>
<span class="code">
<pre>junit.framework.AssertionFailedError
	at junit.framework.Assert.fail(Assert.java:55)
	at junit.framework.Assert.assertTrue(Assert.java:22)
	at junit.framework.Assert.assertTrue(Assert.java:31)
	at basics.stepdefinitions.SearchOnGooglePageStepDefinition.all_result_should_contain_that_word(SearchOnGooglePageStepDefinition.java:62)
	at ✽.all the search result titles should contain the word &quot;cucumber&quot;(src/test/resources/features/search/search_by_keyword.feature:6)
</pre>
</span>
</div>
<div class="test">
<a name="Searching for a term"></a>
<h3 class="failures">Searching for a term</h3>
<span class="code">
<pre>junit.framework.AssertionFailedError
	at junit.framework.Assert.fail(Assert.java:55)
	at junit.framework.Assert.assertTrue(Assert.java:22)
	at junit.framework.Assert.assertTrue(Assert.java:31)
	at basics.stepdefinitions.SearchOnGooglePageStepDefinition.all_result_should_contain_that_word(SearchOnGooglePageStepDefinition.java:62)
	at ✽.all the search result titles should contain the word &quot;India&quot;(src/test/resources/features/search/search_by_keyword.feature:6)
</pre>
</span>
</div>
<div class="test">
<a name="Searching for a term"></a>
<h3 class="failures">Searching for a term</h3>
<span class="code">
<pre>junit.framework.AssertionFailedError
	at junit.framework.Assert.fail(Assert.java:55)
	at junit.framework.Assert.assertTrue(Assert.java:22)
	at junit.framework.Assert.assertTrue(Assert.java:31)
	at basics.stepdefinitions.SearchOnGooglePageStepDefinition.all_result_should_contain_that_word(SearchOnGooglePageStepDefinition.java:62)
	at ✽.all the search result titles should contain the word &quot;world&quot;(src/test/resources/features/search/search_by_keyword.feature:6)
</pre>
</span>
</div>
<div class="test">
<a name="Searching for a term"></a>
<h3 class="failures">Searching for a term</h3>
<span class="code">
<pre>junit.framework.AssertionFailedError
	at junit.framework.Assert.fail(Assert.java:55)
	at junit.framework.Assert.assertTrue(Assert.java:22)
	at junit.framework.Assert.assertTrue(Assert.java:31)
	at basics.stepdefinitions.SearchOnGooglePageStepDefinition.all_result_should_contain_that_word(SearchOnGooglePageStepDefinition.java:62)
	at ✽.all the search result titles should contain the word &quot;America&quot;(src/test/resources/features/search/search_by_keyword.feature:6)
</pre>
</span>
</div>
</div>
<div id="tab1" class="tab">
<h2>Tests</h2>
<table>
<thead>
<tr>
<th>Test</th>
<th>Duration</th>
<th>Result</th>
</tr>
</thead>
<tr>
<td class="failures">Searching for a term</td>
<td class="failures">7.857s</td>
<td class="failures">failed</td>
</tr>
<tr>
<td class="failures">Searching for a term</td>
<td class="failures">11.726s</td>
<td class="failures">failed</td>
</tr>
<tr>
<td class="failures">Searching for a term</td>
<td class="failures">15.421s</td>
<td class="failures">failed</td>
</tr>
<tr>
<td class="failures">Searching for a term</td>
<td class="failures">8.080s</td>
<td class="failures">failed</td>
</tr>
</table>
</div>
<div id="tab2" class="tab">
<h2>Standard output</h2>
<span class="code">
<pre>20:13:55.489 [Test worker] DEBUG net.thucydides.core.steps.StepInterceptor - STARTING STEP: SearchOnGooglePageStepDefinition.user_on_google_home_page - Open the Google home page
20:13:55.725 [Test worker] INFO net.serenitybdd.core.webdriver.driverproviders.ProvideNewDriver - Instantiating driver
20:13:55.725 [Test worker] INFO net.serenitybdd.core.webdriver.driverproviders.ProvideNewDriver - Driver capabilities: Capabilities {acceptInsecureCerts: false, browserName: chrome, chrome.switches: --start-maximized;--incognito, goog:chromeOptions: {args: [--start-maximized, --incognito, --enable-automation, --test-type], extensions: []}, loggingPrefs: org.openqa.selenium.logging..., platform: ANY, version: }
20:13:59.093 [Test worker] DEBUG net.serenitybdd.core.photography.Darkroom - Opening darkroom
20:13:59.093 [Darkroom Processing Line] DEBUG net.serenitybdd.core.photography.DarkroomProcessingLine - Darkroom processing line starting up
20:13:59.566 [Test worker] DEBUG net.serenitybdd.core.photography.Darkroom - Send negative for processing for /Users/pravendrachauhan/eclipse-workspace/Mohammad_Serenity_Java/target/site/serenity/22cf193d049a6c37d79b6824d6fc5db3ce71fcf91996f74d6cc776d01cf2df2a.png
20:13:59.566 [Test worker] DEBUG net.thucydides.core.steps.StepInterceptor - STEP DONE: Open the Google home page
20:13:59.566 [Darkroom Processing Line] DEBUG net.serenitybdd.core.photography.DarkroomProcessingLine - Processing screenshot image in /var/screenshots/screenshot-1860268123878145881
20:13:59.567 [Darkroom Processing Line] DEBUG net.serenitybdd.core.photography.DarkroomProcessingLine - Saving screenshot to /Users/pravendrachauhan/eclipse-workspace/Mohammad_Serenity_Java/target/site/serenity/22cf193d049a6c37d79b6824d6fc5db3ce71fcf91996f74d6cc776d01cf2df2a.png
    ?[32mGiven ?[0m?[32mUser is on ?[0m?[32m?[1mGoogle.com?[0m?[32m page?[0m                                     ?[90m# SearchOnGooglePageStepDefinition.user_on_google_home_page(String)?[0m
20:13:59.574 [Test worker] DEBUG net.thucydides.core.steps.StepInterceptor - STARTING STEP: SearchOnGooglePageStepDefinition.he_search_for_given_term - Search for term {0}
20:14:01.740 [Test worker] DEBUG net.serenitybdd.core.photography.Darkroom - Send negative for processing for /Users/pravendrachauhan/eclipse-workspace/Mohammad_Serenity_Java/target/site/serenity/76e9391e15f2257f4251f58929fde8c373db9201a733062c2db861a7e4ade957.png
20:14:01.740 [Darkroom Processing Line] DEBUG net.serenitybdd.core.photography.DarkroomProcessingLine - Processing screenshot image in /var/screenshots/screenshot-35480274645630075
20:14:01.740 [Darkroom Processing Line] DEBUG net.serenitybdd.core.photography.DarkroomProcessingLine - Saving screenshot to /Users/pravendrachauhan/eclipse-workspace/Mohammad_Serenity_Java/target/site/serenity/76e9391e15f2257f4251f58929fde8c373db9201a733062c2db861a7e4ade957.png
20:14:01.740 [Test worker] DEBUG net.thucydides.core.steps.StepInterceptor - STEP DONE: Search for term {0}
    ?[32mWhen ?[0m?[32mhe searches for &quot;?[0m?[32m?[1mcucumber?[0m?[32m&quot;?[0m                                      ?[90m# SearchOnGooglePageStepDefinition.he_search_for_given_term(String)?[0m
cucumbers: health benefits, nutritional content, and uses




7 health benefits of eating cucumber - healthline
cucumber
cucumber - wikipedia
cucumbers: health benefits, nutritional content, and uses
cucumbers: health benefits &amp; nutrition facts | live science
cucumbers - the world's healthiest foods
cucumber testing tutorials for beginners - guru99
what is cucumber testing tool? complete introduction - guru99
cucumber/cucumber: cucumber monorepo - building blocks ... - github
5 wonderful benefits of cucumber | organic facts
tomatoes
carrot
aubergines
onions

cucumber (software)
20:14:03.150 [Test worker] DEBUG net.serenitybdd.core.photography.Darkroom - Send negative for processing for /Users/pravendrachauhan/eclipse-workspace/Mohammad_Serenity_Java/target/site/serenity/76e9391e15f2257f4251f58929fde8c373db9201a733062c2db861a7e4ade957.png
    ?[31mThen ?[0m?[31mall the search result titles should contain the word &quot;?[0m?[31m?[1mcucumber?[0m?[31m&quot;?[0m ?[90m# SearchOnGooglePageStepDefinition.all_result_should_contain_that_word(String)?[0m
      ?[31mjunit.framework.AssertionFailedError
	at junit.framework.Assert.fail(Assert.java:55)
	at junit.framework.Assert.assertTrue(Assert.java:22)
	at junit.framework.Assert.assertTrue(Assert.java:31)
	at basics.stepdefinitions.SearchOnGooglePageStepDefinition.all_result_should_contain_that_word(SearchOnGooglePageStepDefinition.java:62)
	at ✽.all the search result titles should contain the word &quot;cucumber&quot;(src/test/resources/features/search/search_by_keyword.feature:6)
?[0m
20:14:03.315 [Test worker] ERROR net.thucydides.core.steps.ConsoleLoggingListener - 
           __  _____ _____ ____ _____   _____ _    ___ _     _____ ____  
  _       / / |_   _| ____/ ___|_   _| |  ___/ \  |_ _| |   | ____|  _ \ 
 (_)_____| |    | | |  _| \___ \ | |   | |_ / _ \  | || |   |  _| | | | |
  _|_____| |    | | | |___ ___) || |   |  _/ ___ \ | || |___| |___| |_| |
 (_)     | |    |_| |_____|____/ |_|   |_|/_/   \_\___|_____|_____|____/ 
          \_\                                                            

TEST FAILED: Searching for a term
--------------------------------------------------------------------------
20:14:03.315 [Test worker] DEBUG net.thucydides.core.steps.ConsoleLoggingListener - RELATED ISSUES: 
20:14:03.315 [Test worker] ERROR net.thucydides.core.steps.ConsoleLoggingListener - TEST FAILED AT STEP Then all the search result titles should contain the word &quot;cucumber&quot;
20:14:03.315 [Test worker] ERROR net.thucydides.core.steps.ConsoleLoggingListener - 
20:14:03.342 [Test worker] DEBUG net.thucydides.core.steps.StepInterceptor - STARTING STEP: SearchOnGooglePageStepDefinition.user_on_google_home_page - Open the Google home page
20:14:03.540 [Test worker] INFO net.serenitybdd.core.webdriver.driverproviders.ProvideNewDriver - Instantiating driver
20:14:03.540 [Test worker] INFO net.serenitybdd.core.webdriver.driverproviders.ProvideNewDriver - Driver capabilities: Capabilities {acceptInsecureCerts: false, browserName: chrome, chrome.switches: --start-maximized;--incognito, goog:chromeOptions: {args: [--start-maximized, --incognito, --enable-automation, --test-type], extensions: []}, loggingPrefs: org.openqa.selenium.logging..., platform: ANY, version: }
20:14:14.949 [Test worker] DEBUG net.serenitybdd.core.photography.Darkroom - Send negative for processing for /Users/pravendrachauhan/eclipse-workspace/Mohammad_Serenity_Java/target/site/serenity/22cf193d049a6c37d79b6824d6fc5db3ce71fcf91996f74d6cc776d01cf2df2a.png
20:14:14.949 [Test worker] DEBUG net.thucydides.core.steps.StepInterceptor - STEP DONE: Open the Google home page
    ?[32mGiven ?[0m?[32mUser is on ?[0m?[32m?[1mGoogle.com?[0m?[32m page?[0m                                  ?[90m# SearchOnGooglePageStepDefinition.user_on_google_home_page(String)?[0m
20:14:14.956 [Test worker] DEBUG net.thucydides.core.steps.StepInterceptor - STARTING STEP: SearchOnGooglePageStepDefinition.he_search_for_given_term - Search for term {0}
20:14:17.116 [Test worker] DEBUG net.serenitybdd.core.photography.Darkroom - Send negative for processing for /Users/pravendrachauhan/eclipse-workspace/Mohammad_Serenity_Java/target/site/serenity/64585b1b87edd5fff17f52e7c78c086e4296dfcfa2e9bafc693086fe8bb2fec7.png
20:14:17.116 [Darkroom Processing Line] DEBUG net.serenitybdd.core.photography.DarkroomProcessingLine - Processing screenshot image in /var/screenshots/screenshot-5603608192305780507
20:14:17.116 [Test worker] DEBUG net.thucydides.core.steps.StepInterceptor - STEP DONE: Search for term {0}
20:14:17.116 [Darkroom Processing Line] DEBUG net.serenitybdd.core.photography.DarkroomProcessingLine - Saving screenshot to /Users/pravendrachauhan/eclipse-workspace/Mohammad_Serenity_Java/target/site/serenity/64585b1b87edd5fff17f52e7c78c086e4296dfcfa2e9bafc693086fe8bb2fec7.png
    ?[32mWhen ?[0m?[32mhe searches for &quot;?[0m?[32m?[1mworld?[0m?[32m&quot;?[0m                                      ?[90m# SearchOnGooglePageStepDefinition.he_search_for_given_term(String)?[0m
world - wikipedia
world - msn.com
world news, latest and breaking world news, top international news ...
world news | latest world news, international news ... - ndtv.com
world | fox news



world - bbc news
world news - latest breaking news from around the world | metro uk
world news headlines, latest international news, world breaking ...
world news – breaking news, videos and headlines - cnn - cnn.com
cnn
bbc world service
reuters
united press international
international news service
cnbc world
msnbc
nbc news
aol
politico
pew research center
associated press
bbc
20:14:18.576 [Test worker] DEBUG net.serenitybdd.core.photography.Darkroom - Send negative for processing for /Users/pravendrachauhan/eclipse-workspace/Mohammad_Serenity_Java/target/site/serenity/64585b1b87edd5fff17f52e7c78c086e4296dfcfa2e9bafc693086fe8bb2fec7.png
    ?[31mThen ?[0m?[31mall the search result titles should contain the word &quot;?[0m?[31m?[1mworld?[0m?[31m&quot;?[0m ?[90m# SearchOnGooglePageStepDefinition.all_result_should_contain_that_word(String)?[0m
      ?[31mjunit.framework.AssertionFailedError
	at junit.framework.Assert.fail(Assert.java:55)
	at junit.framework.Assert.assertTrue(Assert.java:22)
	at junit.framework.Assert.assertTrue(Assert.java:31)
	at basics.stepdefinitions.SearchOnGooglePageStepDefinition.all_result_should_contain_that_word(SearchOnGooglePageStepDefinition.java:62)
	at ✽.all the search result titles should contain the word &quot;world&quot;(src/test/resources/features/search/search_by_keyword.feature:6)
?[0m
20:14:18.760 [Test worker] DEBUG net.thucydides.core.steps.StepInterceptor - STARTING STEP: SearchOnGooglePageStepDefinition.user_on_google_home_page - Open the Google home page
20:14:18.962 [Test worker] INFO net.serenitybdd.core.webdriver.driverproviders.ProvideNewDriver - Instantiating driver
20:14:18.963 [Test worker] INFO net.serenitybdd.core.webdriver.driverproviders.ProvideNewDriver - Driver capabilities: Capabilities {acceptInsecureCerts: false, browserName: chrome, chrome.switches: --start-maximized;--incognito, goog:chromeOptions: {args: [--start-maximized, --incognito, --enable-automation, --test-type], extensions: []}, loggingPrefs: org.openqa.selenium.logging..., platform: ANY, version: }
20:14:21.251 [Test worker] DEBUG net.serenitybdd.core.photography.Darkroom - Send negative for processing for /Users/pravendrachauhan/eclipse-workspace/Mohammad_Serenity_Java/target/site/serenity/22cf193d049a6c37d79b6824d6fc5db3ce71fcf91996f74d6cc776d01cf2df2a.png
20:14:21.251 [Test worker] DEBUG net.thucydides.core.steps.StepInterceptor - STEP DONE: Open the Google home page
    ?[32mGiven ?[0m?[32mUser is on ?[0m?[32m?[1mGoogle.com?[0m?[32m page?[0m                                    ?[90m# SearchOnGooglePageStepDefinition.user_on_google_home_page(String)?[0m
20:14:21.258 [Test worker] DEBUG net.thucydides.core.steps.StepInterceptor - STARTING STEP: SearchOnGooglePageStepDefinition.he_search_for_given_term - Search for term {0}
20:14:24.288 [Test worker] DEBUG net.serenitybdd.core.photography.Darkroom - Send negative for processing for /Users/pravendrachauhan/eclipse-workspace/Mohammad_Serenity_Java/target/site/serenity/a670bea202e53c3c6d4c4d93c51745b01ca4cf8ae5ec3841ada9ec792ca30399.png
20:14:24.288 [Darkroom Processing Line] DEBUG net.serenitybdd.core.photography.DarkroomProcessingLine - Processing screenshot image in /var/screenshots/screenshot-3805177067056065941
20:14:24.288 [Test worker] DEBUG net.thucydides.core.steps.StepInterceptor - STEP DONE: Search for term {0}
20:14:24.288 [Darkroom Processing Line] DEBUG net.serenitybdd.core.photography.DarkroomProcessingLine - Saving screenshot to /Users/pravendrachauhan/eclipse-workspace/Mohammad_Serenity_Java/target/site/serenity/a670bea202e53c3c6d4c4d93c51745b01ca4cf8ae5ec3841ada9ec792ca30399.png
    ?[32mWhen ?[0m?[32mhe searches for &quot;?[0m?[32m?[1mAmerica?[0m?[32m&quot;?[0m                                      ?[90m# SearchOnGooglePageStepDefinition.he_search_for_given_term(String)?[0m
united states - wikipedia
americas - wikipedia
america | official website featuring gerry beckley and dewey ...




america magazine | the jesuit review
welcome to green america | www.greenamerica.org
america revere - youtube
americas - the new york times
americas | news | the independent
china
russia
canada
australia
japan
mexico
south korea
iran
united kingdom
venezuela
india
brazil
turkey
syria
germany
italy
france
canada
japan
united kingdom
grand canyon national...
new york
los angeles
las vegas

russia
iran
china
canada

americas
america (rock band)
songs: a horse with no name, ventura highway
albums: america, homecoming, the last unicorn, america live
america (magazine)
20:14:26.618 [Test worker] DEBUG net.serenitybdd.core.photography.Darkroom - Send negative for processing for /Users/pravendrachauhan/eclipse-workspace/Mohammad_Serenity_Java/target/site/serenity/a670bea202e53c3c6d4c4d93c51745b01ca4cf8ae5ec3841ada9ec792ca30399.png
    ?[31mThen ?[0m?[31mall the search result titles should contain the word &quot;?[0m?[31m?[1mAmerica?[0m?[31m&quot;?[0m ?[90m# SearchOnGooglePageStepDefinition.all_result_should_contain_that_word(String)?[0m
      ?[31mjunit.framework.AssertionFailedError
	at junit.framework.Assert.fail(Assert.java:55)
	at junit.framework.Assert.assertTrue(Assert.java:22)
	at junit.framework.Assert.assertTrue(Assert.java:31)
	at basics.stepdefinitions.SearchOnGooglePageStepDefinition.all_result_should_contain_that_word(SearchOnGooglePageStepDefinition.java:62)
	at ✽.all the search result titles should contain the word &quot;America&quot;(src/test/resources/features/search/search_by_keyword.feature:6)
?[0m
20:14:26.847 [Test worker] DEBUG net.thucydides.core.steps.StepInterceptor - STARTING STEP: SearchOnGooglePageStepDefinition.user_on_google_home_page - Open the Google home page
20:14:27.046 [Test worker] INFO net.serenitybdd.core.webdriver.driverproviders.ProvideNewDriver - Instantiating driver
20:14:27.047 [Test worker] INFO net.serenitybdd.core.webdriver.driverproviders.ProvideNewDriver - Driver capabilities: Capabilities {acceptInsecureCerts: false, browserName: chrome, chrome.switches: --start-maximized;--incognito, goog:chromeOptions: {args: [--start-maximized, --incognito, --enable-automation, --test-type], extensions: []}, loggingPrefs: org.openqa.selenium.logging..., platform: ANY, version: }
20:14:33.482 [Test worker] DEBUG net.serenitybdd.core.photography.Darkroom - Send negative for processing for /Users/pravendrachauhan/eclipse-workspace/Mohammad_Serenity_Java/target/site/serenity/22cf193d049a6c37d79b6824d6fc5db3ce71fcf91996f74d6cc776d01cf2df2a.png
20:14:33.483 [Test worker] DEBUG net.thucydides.core.steps.StepInterceptor - STEP DONE: Open the Google home page
    ?[32mGiven ?[0m?[32mUser is on ?[0m?[32m?[1mGoogle.com?[0m?[32m page?[0m                                  ?[90m# SearchOnGooglePageStepDefinition.user_on_google_home_page(String)?[0m
20:14:33.488 [Test worker] DEBUG net.thucydides.core.steps.StepInterceptor - STARTING STEP: SearchOnGooglePageStepDefinition.he_search_for_given_term - Search for term {0}
20:14:36.412 [Test worker] DEBUG net.serenitybdd.core.photography.Darkroom - Send negative for processing for /Users/pravendrachauhan/eclipse-workspace/Mohammad_Serenity_Java/target/site/serenity/cac33b97fb7cf3bbc4473588761bbf53cfd1eb4b10fd7358e37fc50aae9a8698.png
20:14:36.412 [Darkroom Processing Line] DEBUG net.serenitybdd.core.photography.DarkroomProcessingLine - Processing screenshot image in /var/screenshots/screenshot-4897809373538109154
20:14:36.412 [Darkroom Processing Line] DEBUG net.serenitybdd.core.photography.DarkroomProcessingLine - Saving screenshot to /Users/pravendrachauhan/eclipse-workspace/Mohammad_Serenity_Java/target/site/serenity/cac33b97fb7cf3bbc4473588761bbf53cfd1eb4b10fd7358e37fc50aae9a8698.png
20:14:36.412 [Test worker] DEBUG net.thucydides.core.steps.StepInterceptor - STEP DONE: Search for term {0}
    ?[32mWhen ?[0m?[32mhe searches for &quot;?[0m?[32m?[1mIndia?[0m?[32m&quot;?[0m                                      ?[90m# SearchOnGooglePageStepDefinition.he_search_for_given_term(String)?[0m
india - wikipedia
incredible india | english
india | facts, culture, history, economy, &amp; geography | britannica.com




national portal of india
india | world | the guardian
india - wikitravel
india news - top stories from al jazeera
india - bbc news
india vs west indies live score, 1st test day 4 in antigua: india's lead ...
china
pakistan
japan
nepal
sri lanka
south korea
bangladesh
united states
iran
brazil
turkey
mexico
united kingdom
syria
west bengal
se railway office
s e railways
pakistan
kerala
jammu and kas...
china

india national cricket team
20:14:38.374 [Test worker] DEBUG net.serenitybdd.core.photography.Darkroom - Send negative for processing for /Users/pravendrachauhan/eclipse-workspace/Mohammad_Serenity_Java/target/site/serenity/cac33b97fb7cf3bbc4473588761bbf53cfd1eb4b10fd7358e37fc50aae9a8698.png
    ?[31mThen ?[0m?[31mall the search result titles should contain the word &quot;?[0m?[31m?[1mIndia?[0m?[31m&quot;?[0m ?[90m# SearchOnGooglePageStepDefinition.all_result_should_contain_that_word(String)?[0m
      ?[31mjunit.framework.AssertionFailedError
	at junit.framework.Assert.fail(Assert.java:55)
	at junit.framework.Assert.assertTrue(Assert.java:22)
	at junit.framework.Assert.assertTrue(Assert.java:31)
	at basics.stepdefinitions.SearchOnGooglePageStepDefinition.all_result_should_contain_that_word(SearchOnGooglePageStepDefinition.java:62)
	at ✽.all the search result titles should contain the word &quot;India&quot;(src/test/resources/features/search/search_by_keyword.feature:6)
?[0m
</pre>
</span>
</div>
<div id="tab3" class="tab">
<h2>Standard error</h2>
<span class="code">
<pre>Aug 25, 2019 8:13:55 PM org.openqa.selenium.remote.DesiredCapabilities chrome
INFO: Using `new ChromeOptions()` is preferred to `DesiredCapabilities.chrome()`
Starting ChromeDriver 76.0.3809.126 (d80a294506b4c9d18015e755cee48f953ddc3f2f-refs/branch-heads/3809@{#1024}) on port 4409
Only local connections are allowed.
Please protect ports used by ChromeDriver and related test frameworks to prevent access by malicious code.
Aug 25, 2019 8:13:56 PM org.openqa.selenium.remote.ProtocolHandshake createSession
INFO: Detected dialect: W3C
Aug 25, 2019 8:14:03 PM org.openqa.selenium.remote.DesiredCapabilities chrome
INFO: Using `new ChromeOptions()` is preferred to `DesiredCapabilities.chrome()`
Starting ChromeDriver 76.0.3809.126 (d80a294506b4c9d18015e755cee48f953ddc3f2f-refs/branch-heads/3809@{#1024}) on port 21740
Only local connections are allowed.
Please protect ports used by ChromeDriver and related test frameworks to prevent access by malicious code.
Aug 25, 2019 8:14:04 PM org.openqa.selenium.remote.ProtocolHandshake createSession
INFO: Detected dialect: W3C
Aug 25, 2019 8:14:18 PM org.openqa.selenium.remote.DesiredCapabilities chrome
INFO: Using `new ChromeOptions()` is preferred to `DesiredCapabilities.chrome()`
Starting ChromeDriver 76.0.3809.126 (d80a294506b4c9d18015e755cee48f953ddc3f2f-refs/branch-heads/3809@{#1024}) on port 47166
Only local connections are allowed.
Please protect ports used by ChromeDriver and related test frameworks to prevent access by malicious code.
Aug 25, 2019 8:14:19 PM org.openqa.selenium.remote.ProtocolHandshake createSession
INFO: Detected dialect: W3C
Aug 25, 2019 8:14:26 PM org.openqa.selenium.remote.DesiredCapabilities chrome
INFO: Using `new ChromeOptions()` is preferred to `DesiredCapabilities.chrome()`
Starting ChromeDriver 76.0.3809.126 (d80a294506b4c9d18015e755cee48f953ddc3f2f-refs/branch-heads/3809@{#1024}) on port 38781
Only local connections are allowed.
Please protect ports used by ChromeDriver and related test frameworks to prevent access by malicious code.
Aug 25, 2019 8:14:27 PM org.openqa.selenium.remote.ProtocolHandshake createSession
INFO: Detected dialect: W3C
</pre>
</span>
</div>
</div>
<div id="footer">
<p>
<div>
<label class="hidden" id="label-for-line-wrapping-toggle" for="line-wrapping-toggle">Wrap lines
<input id="line-wrapping-toggle" type="checkbox" autocomplete="off"/>
</label>
</div>Generated by 
<a href="http://www.gradle.org">Gradle 5.6</a> at Aug 25, 2019 8:15:14 PM</p>
</div>
</div>
</body>
</html>
